This is LuaTeX, Version 1.07.0 (TeX Live 2018)  (format=lualatex 2019.7.17)  9 SEP 2020 08:15
 restricted system commands enabled.
**pulses
(./pulses.tex
LaTeX2e <2018-04-01> patch level 5
Lua module: luaotfload-main 2017/01/29 2.80001 OpenType layout system.
Lua module: lualibs 2017-02-01 2.5 ConTeXt Lua standard libraries.
Lua module: lualibs-extended 2017-02-01 2.5 ConTeXt Lua libraries -- extended co
llection.(using write cache: /home/paus/.texlive2018/texmf-var/luatex-cache/gene
ric)(using read cache: /usr/share/texlive/texmf-var/luatex-cache/generic /home/p
aus/.texlive2018/texmf-var/luatex-cache/generic)
luaotfload | conf : Root cache directory is /home/paus/.texlive2018/texmf-var/lu
atex-cache/generic/names.
luaotfload | init : Loading fontloader “fontloader-2017-02-11.lua” from kpse
-resolved path “/usr/share/texlive/texmf-dist/tex/luatex/luaotfload/fontloader
-2017-02-11.lua”.
Lua-only attribute luaotfload@state = 1
Lua-only attribute luaotfload@noligature = 2
Lua-only attribute luaotfload@syllabe = 3
luaotfload | init : Context OpenType loader version “3.027”
Inserting `luaotfload.node_processor' at position 1 in `pre_linebreak_filter'.
Inserting `luaotfload.node_processor' at position 1 in `hpack_filter'.
Inserting `luaotfload.define_font' at position 1 in `define_font'.
Lua-only attribute luaotfload_color_attribute = 4
luaotfload | conf : Root cache directory is /home/paus/.texlive2018/texmf-var/lu
atex-cache/generic/names.
Inserting `luaotfload.aux.set_sscale_dimens' at position 1 in `luaotfload.patch_
font'.
Inserting `luaotfload.aux.patch_cambria_domh' at position 2 in `luaotfload.patch
_font'.
Inserting `luaotfload.aux.fixup_fontdata' at position 1 in `luaotfload.patch_fon
t_unsafe'.
Inserting `luaotfload.aux.set_capheight' at position 3 in `luaotfload.patch_font
'.
Inserting `luaotfload.rewrite_fontname' at position 4 in `luaotfload.patch_font'
.
luaotfload | main : initialization completed in 0.864 seconds
(/home/paus/Config/latex/sty/revtex4.cls
Document Class: revtex4 2001/08/03 v4.0 (http://publish.aps.org/revtex4/ for doc
umentation)
 Copyright (c) 2001 The American Physical Society.
 mailto:revtex@aps.org
 Licensed under the LPPL:
http://www.ctan.org/tex-archive/macros/latex/base/lppl.txt
 Arthur Ogawa <ogawa@teleport.com>
 Based on work by David Carlisle <david@dcarlisle.demon.co.uk>.
ltxutil: portions licensed from W. E. Baxter (web@superscript.com)
Class revtex4 Info: Repairing broken LateX \@sect on input line 596.
\intertabularlinepenalty=\count80
\@tbpen=\count81
\@arstrutbox@hline=\box26
Class revtex4 Info: Repairing broken LaTeX \@xbitor on input line 1610.
ltxgrid: portions licensed from W. E. Baxter (web@superscript.com)
\c@linecount=\count82
\output=\toks14
\@protection@box=\box27
\@topmark@saved=\toks15
\footins@saved=\box28
\pagesofar=\box29
\footbox=\box30
\pagegrid@col=\count83
Class revtex4 Info: Incorporating package {textcase}  [1998/11/12 v0.06 Text onl
y upper/lower case changing (DPC)]. on input line 3682.
(/usr/share/texlive/texmf-dist/tex/latex/url/url.sty
\Urlmuskip=\muskip10
Package: url 2013/09/16  ver 3.4  Verb mode for urls, etc.
)
\c@affil=\count84
\absbox=\box31
\c@part=\count85
\c@section=\count86
\c@subsection=\count87
\c@subsubsection=\count88
\c@paragraph=\count89
\c@subparagraph=\count90
\abovecaptionskip=\skip41
\belowcaptionskip=\skip42
\c@figure=\count91
\c@table=\count92

(/usr/share/texlive/texmf-dist/tex/latex/natbib/natbib.sty
Package: natbib 2010/09/13 8.31b (PWD, AO)
\bibhang=\skip43
\bibsep=\skip44
LaTeX Info: Redefining \cite on input line 694.
\c@NAT@ctr=\count93
)
\widetext@top=\box32
\widetext@bot=\box33

(/home/paus/Config/latex/sty/revsymb.sty
Package: revsymb 2001/08/03 v4.0 (http://publish.aps.org/revtex4/ for documentat
ion)
LaTeX Info: Redefining \REV@mathfrak on input line 118.
))
(/usr/share/texlive/texmf-dist/tex/latex/amsfonts/amssymb.sty
Package: amssymb 2013/01/14 v3.01 AMS font symbols

(/usr/share/texlive/texmf-dist/tex/latex/amsfonts/amsfonts.sty
Package: amsfonts 2013/01/14 v3.01 Basic AMSFonts support
\@emptytoks=\toks16
\symAMSa=\mathgroup4
\symAMSb=\mathgroup5
LaTeX Font Info:    Overwriting math alphabet `\mathfrak' in version `bold'
(Font)                  U/euf/m/n --> U/euf/b/n on input line 106.
LaTeX Info: Redefining \frak on input line 111.
LaTeX Info: Redefining \Bbb on input line 113.
))
(/usr/share/texlive/texmf-dist/tex/latex/amsmath/amsmath.sty
Package: amsmath 2017/09/02 v2.17a AMS math features
\@mathmargin=\skip45

For additional information on amsmath, use the `?' option.
(/usr/share/texlive/texmf-dist/tex/latex/amsmath/amstext.sty
Package: amstext 2000/06/29 v2.01 AMS text

(/usr/share/texlive/texmf-dist/tex/latex/amsmath/amsgen.sty
File: amsgen.sty 1999/11/30 v2.0 generic functions
\@emptytoks=\toks17
\ex@=\dimen102
))
(/usr/share/texlive/texmf-dist/tex/latex/amsmath/amsbsy.sty
Package: amsbsy 1999/11/29 v1.2d Bold Symbols
\pmbraise@=\dimen103
)
(/usr/share/texlive/texmf-dist/tex/latex/amsmath/amsopn.sty
Package: amsopn 2016/03/08 v2.02 operator names
)
\inf@bad=\count94
LaTeX Info: Redefining \frac on input line 213.
\uproot@=\count95
\leftroot@=\count96
LaTeX Info: Redefining \overline on input line 375.
\classnum@=\count97
\DOTSCASE@=\count98
LaTeX Info: Redefining \ldots on input line 472.
LaTeX Info: Redefining \dots on input line 475.
LaTeX Info: Redefining \cdots on input line 596.
\Mathstrutbox@=\box34
\strutbox@=\box35
\big@size=\dimen104
LaTeX Font Info:    Redeclaring font encoding OML on input line 712.
LaTeX Font Info:    Redeclaring font encoding OMS on input line 713.
\macc@depth=\count99
\c@MaxMatrixCols=\count100
\dotsspace@=\muskip11
\c@parentequation=\count101
\dspbrk@lvl=\count102
\tag@help=\toks18
\row@=\count103
\column@=\count104
\maxfields@=\count105
\andhelp@=\toks19
\eqnshift@=\dimen105
\alignsep@=\dimen106
\tagshift@=\dimen107
\tagwidth@=\dimen108
\totwidth@=\dimen109
\lineht@=\dimen110
\@envbody=\toks20
\multlinegap=\skip46
\multlinetaggap=\skip47
\mathdisplay@stack=\toks21
LaTeX Info: Redefining \[ on input line 2817.
LaTeX Info: Redefining \] on input line 2818.
)
(/usr/share/texlive/texmf-dist/tex/latex/revtex4/aps.rtx
File: aps.rtx 2001/08/02 v4.0 (http://publish.aps.org/revtex4/ for documentation
)
)
(/usr/share/texlive/texmf-dist/tex/latex/revtex4/10pt.rtx
File: 10pt.rtx 2001/08/02 v4.0 (http://publish.aps.org/revtex4/ for documentatio
n)
)
(/usr/share/texlive/texmf-dist/tex/latex/graphics/graphicx.sty
Package: graphicx 2017/06/01 v1.1a Enhanced LaTeX Graphics (DPC,SPQR)

(/usr/share/texlive/texmf-dist/tex/latex/graphics/keyval.sty
Package: keyval 2014/10/28 v1.15 key=value parser (DPC)
\KV@toks@=\toks22
)
(/usr/share/texlive/texmf-dist/tex/latex/graphics/graphics.sty
Package: graphics 2017/06/25 v1.2c Standard LaTeX Graphics (DPC,SPQR)

(/usr/share/texlive/texmf-dist/tex/latex/graphics/trig.sty
Package: trig 2016/01/03 v1.10 sin cos tan (DPC)
)
(/usr/share/texlive/texmf-dist/tex/latex/graphics-cfg/graphics.cfg
File: graphics.cfg 2016/06/04 v1.11 sample graphics configuration
)
Package graphics Info: Driver file: luatex.def on input line 99.

(/usr/share/texlive/texmf-dist/tex/latex/graphics-def/luatex.def
File: luatex.def 2018/01/08 v1.0l Graphics/color driver for luatex
))
\Gin@req@height=\dimen111
\Gin@req@width=\dimen112
)
(/usr/share/texlive/texmf-dist/tex/latex/tools/bm.sty
Package: bm 2017/01/16 v1.2c Bold Symbol Support (DPC/FMi)
\symboldoperators=\mathgroup6
\symboldletters=\mathgroup7
\symboldsymbols=\mathgroup8
LaTeX Font Info:    Redeclaring math alphabet \mathbf on input line 141.
LaTeX Info: Redefining \bm on input line 207.
)
(/usr/share/texlive/texmf-dist/tex/latex/hyperref/hyperref.sty
Package: hyperref 2018/02/06 v6.86b Hypertext links for LaTeX

(/usr/share/texlive/texmf-dist/tex/generic/oberdiek/hobsub-hyperref.sty
Package: hobsub-hyperref 2016/05/16 v1.14 Bundle oberdiek, subset hyperref (HO)

(/usr/share/texlive/texmf-dist/tex/generic/oberdiek/hobsub-generic.sty
Package: hobsub-generic 2016/05/16 v1.14 Bundle oberdiek, subset generic (HO)
Package: hobsub 2016/05/16 v1.14 Construct package bundles (HO)
Package: infwarerr 2016/05/16 v1.4 Providing info/warning/error messages (HO)
Package: ltxcmds 2016/05/16 v1.23 LaTeX kernel commands for general use (HO)
Package: ifluatex 2016/05/16 v1.4 Provides the ifluatex switch (HO)
Package ifluatex Info: LuaTeX detected.
Package: ifvtex 2016/05/16 v1.6 Detect VTeX and its facilities (HO)
Package ifvtex Info: VTeX not detected.
Package: intcalc 2016/05/16 v1.2 Expandable calculations with integers (HO)
Package: ifpdf 2017/03/15 v3.2 Provides the ifpdf switch
Package: etexcmds 2016/05/16 v1.6 Avoid name clashes with e-TeX commands (HO)
Package: kvsetkeys 2016/05/16 v1.17 Key value parser (HO)
Package: kvdefinekeys 2016/05/16 v1.4 Define keys (HO)
Package: luatex-loader 2016/05/16 v0.6 Lua module loader (HO)

(/usr/share/texlive/texmf-dist/scripts/oberdiek/oberdiek.luatex.lua)
Package: pdftexcmds 2018/01/30 v0.27 Utility functions of pdfTeX for LuaTeX (HO)

Package pdftexcmds Info: \pdf@primitive is available.
Package pdftexcmds Info: \pdf@ifprimitive is available.
Package pdftexcmds Info: \pdfdraftmode found.
\pdftexcmds@toks=\toks23
Package: pdfescape 2016/05/16 v1.14 Implements pdfTeX's escape features (HO)
Package: bigintcalc 2016/05/16 v1.4 Expandable calculations on big integers (HO)

Package: bitset 2016/05/16 v1.2 Handle bit-vector datatype (HO)
Package: uniquecounter 2016/05/16 v1.3 Provide unlimited unique counter (HO)
)
Package hobsub Info: Skipping package `hobsub' (already loaded).
Package: letltxmacro 2016/05/16 v1.5 Let assignment for LaTeX macros (HO)
Package: hopatch 2016/05/16 v1.3 Wrapper for package hooks (HO)
Package: xcolor-patch 2016/05/16 xcolor patch
Package: atveryend 2016/05/16 v1.9 Hooks at the very end of document (HO)
Package: atbegshi 2016/06/09 v1.18 At begin shipout hook (HO)
Package: refcount 2016/05/16 v3.5 Data extraction from label references (HO)
Package: hycolor 2016/05/16 v1.8 Color options for hyperref/bookmark (HO)
)
(/usr/share/texlive/texmf-dist/tex/generic/ifxetex/ifxetex.sty
Package: ifxetex 2010/09/12 v0.6 Provides ifxetex conditional
)
(/usr/share/texlive/texmf-dist/tex/latex/oberdiek/auxhook.sty
Package: auxhook 2016/05/16 v1.4 Hooks for auxiliary files (HO)
)
(/usr/share/texlive/texmf-dist/tex/latex/oberdiek/kvoptions.sty
Package: kvoptions 2016/05/16 v3.12 Key value format for package options (HO)
)
\@linkdim=\dimen113
\Hy@linkcounter=\count106
\Hy@pagecounter=\count107

(/usr/share/texlive/texmf-dist/tex/latex/hyperref/pd1enc.def
File: pd1enc.def 2018/02/06 v6.86b Hyperref: PDFDocEncoding definition (HO)
)
\Hy@SavedSpaceFactor=\count108

(/usr/share/texlive/texmf-dist/tex/latex/latexconfig/hyperref.cfg
File: hyperref.cfg 2002/06/06 v1.2 hyperref configuration of TeXLive
)
Package hyperref Info: Option `colorlinks' set `true' on input line 4383.
Package hyperref Info: Hyper figures OFF on input line 4509.
Package hyperref Info: Link nesting OFF on input line 4514.
Package hyperref Info: Hyper index ON on input line 4517.
Package hyperref Info: Plain pages OFF on input line 4524.
Package hyperref Info: Backreferencing OFF on input line 4529.
Package hyperref Info: Implicit mode ON; LaTeX internals redefined.
Package hyperref Info: Bookmarks ON on input line 4762.
\c@Hy@tempcnt=\count109
LaTeX Info: Redefining \url on input line 5115.
\XeTeXLinkMargin=\dimen114
\Fld@menulength=\count110
\Field@Width=\dimen115
\Fld@charsize=\dimen116
Package hyperref Info: Hyper figures OFF on input line 6369.
Package hyperref Info: Link nesting OFF on input line 6374.
Package hyperref Info: Hyper index ON on input line 6377.
Package hyperref Info: backreferencing OFF on input line 6384.
Package hyperref Info: Link coloring ON on input line 6387.
Package hyperref Info: Link coloring with OCG OFF on input line 6394.
Package hyperref Info: PDF/A mode OFF on input line 6399.
LaTeX Info: Redefining \ref on input line 6439.
LaTeX Info: Redefining \pageref on input line 6443.
\Hy@abspage=\count111
\c@Item=\count112
\c@Hfootnote=\count113
)
Package hyperref Info: Driver (autodetected): hluatex.

(/usr/share/texlive/texmf-dist/tex/latex/hyperref/hluatex.def
File: hluatex.def 2018/02/06 v6.86b Hyperref driver for luaTeX
\Fld@listcount=\count114
\c@bookmark@seq@number=\count115

(/usr/share/texlive/texmf-dist/tex/latex/oberdiek/rerunfilecheck.sty
Package: rerunfilecheck 2016/05/16 v1.8 Rerun checks for auxiliary files (HO)
Package uniquecounter Info: New unique counter `rerunfilecheck' on input line 28
2.
)
\Hy@SectionHShift=\skip48
)
luaotfload | db : Font names database loaded from /home/paus/.texlive2018/texmf-
var/luatex-cache/generic/names/luaotfload-names.luc(load luc: /home/paus/.texliv
e2018/texmf-var/luatex-cache/generic/fonts/otl/lmroman10-regular.luc) (./pulses
.aux)
\openout1 = pulses.aux

LaTeX Font Info:    Checking defaults for OML/cmm/m/it on input line 22.
LaTeX Font Info:    ... okay on input line 22.
LaTeX Font Info:    Checking defaults for T1/cmr/m/n on input line 22.
LaTeX Font Info:    ... okay on input line 22.
LaTeX Font Info:    Checking defaults for OT1/cmr/m/n on input line 22.
LaTeX Font Info:    ... okay on input line 22.
LaTeX Font Info:    Checking defaults for OMS/cmsy/m/n on input line 22.
LaTeX Font Info:    ... okay on input line 22.
LaTeX Font Info:    Checking defaults for TU/lmr/m/n on input line 22.
LaTeX Font Info:    ... okay on input line 22.
LaTeX Font Info:    Checking defaults for OMX/cmex/m/n on input line 22.
LaTeX Font Info:    ... okay on input line 22.
LaTeX Font Info:    Checking defaults for U/cmr/m/n on input line 22.
LaTeX Font Info:    ... okay on input line 22.
LaTeX Font Info:    Checking defaults for PD1/pdf/m/n on input line 22.
LaTeX Font Info:    ... okay on input line 22.
Class revtex4 Info: Patching LaTeX tabular. on input line 22.
Class revtex4 Info: cite was not loaded (OK!) on input line 22.
Class revtex4 Info: multicol was not loaded (OK!) on input line 22.

(/usr/share/texlive/texmf-dist/tex/context/base/mkii/supp-pdf.mkii
[Loading MPS to PDF converter (version 2006.09.02).]
\scratchcounter=\count116
\scratchdimen=\dimen117
\scratchbox=\box36
\nofMPsegments=\count117
\nofMParguments=\count118
\everyMPshowfont=\toks24
\MPscratchCnt=\count119
\MPscratchDim=\dimen118
\MPnumerator=\count120
\makeMPintoPDFobject=\count121
\everyMPtoPDFconversion=\toks25
) (/usr/share/texlive/texmf-dist/tex/latex/oberdiek/epstopdf-base.sty
Package: epstopdf-base 2016/05/15 v2.6 Base part for package epstopdf

(/usr/share/texlive/texmf-dist/tex/latex/oberdiek/grfext.sty
Package: grfext 2016/05/16 v1.2 Manage graphics extensions (HO)
)
Package epstopdf-base Info: Redefining graphics rule for `.eps' on input line 43
8.
Package grfext Info: Graphics extension search list:
(grfext)             [.pdf,.png,.jpg,.mps,.jpeg,.jbig2,.jb2,.PDF,.PNG,.JPG,.JPEG
,.JBIG2,.JB2,.eps]
(grfext)             \AppendGraphicsExtensions on input line 456.

(/usr/share/texlive/texmf-dist/tex/latex/latexconfig/epstopdf-sys.cfg
File: epstopdf-sys.cfg 2010/07/13 v1.3 Configuration of (r)epstopdf for TeX Live

))
\AtBeginShipoutBox=\box37


Package hyperref Warning: Height of page (\paperheight) is invalid (0.0pt),
(hyperref)                using 11in.

(/usr/share/texlive/texmf-dist/tex/latex/graphics/color.sty
Package: color 2016/07/10 v1.1e Standard LaTeX Color (DPC)

(/usr/share/texlive/texmf-dist/tex/latex/graphics-cfg/color.cfg
File: color.cfg 2016/01/02 v1.6 sample color configuration
)
Package color Info: Driver file: luatex.def on input line 147.
)
Package hyperref Info: Link coloring ON on input line 22.

(/usr/share/texlive/texmf-dist/tex/latex/hyperref/nameref.sty
Package: nameref 2016/05/21 v2.44 Cross-referencing by name of section

(/usr/share/texlive/texmf-dist/tex/generic/oberdiek/gettitlestring.sty
Package: gettitlestring 2016/05/16 v1.5 Cleanup title references (HO)
)
\c@section@level=\count122
)
LaTeX Info: Redefining \ref on input line 22.
LaTeX Info: Redefining \pageref on input line 22.
LaTeX Info: Redefining \nameref on input line 22.

(./pulses.out) (./pulses.out)
\@outlinefile=\write3

\openout3 = pulses.out
(load luc: /home/paus/.texlive2018/texmf-var/luatex-cache/generic/fonts/otl/lmro
man9-regular.luc)(load luc: /home/paus/.texlive2018/texmf-var/luatex-cache/gener
ic/fonts/otl/lmroman9-bold.luc)

Class revtex4 Warning: Assuming \noaffiliation for MIT Department of Physics.

(load luc: /home/paus/.texlive2018/texmf-var/luatex-cache/generic/fonts/otl/lmro
man12-regular.luc)(load luc: /home/paus/.texlive2018/texmf-var/luatex-cache/gene
ric/fonts/otl/lmroman12-bold.luc)
LaTeX Font Info:    Try loading font information for U+msa on input line 37.

(/usr/share/texlive/texmf-dist/tex/latex/amsfonts/umsa.fd
File: umsa.fd 2013/01/14 v3.01 AMS symbols A
)
LaTeX Font Info:    Try loading font information for U+msb on input line 37.

(/usr/share/texlive/texmf-dist/tex/latex/amsfonts/umsb.fd
File: umsb.fd 2013/01/14 v3.01 AMS symbols B
)(load luc: /home/paus/.texlive2018/texmf-var/luatex-cache/generic/fonts/otl/lmr
oman7-regular.luc)(load luc: /home/paus/.texlive2018/texmf-var/luatex-cache/gene
ric/fonts/otl/lmroman9-italic.luc)(load luc: /home/paus/.texlive2018/texmf-var/l
uatex-cache/generic/fonts/otl/lmroman8-regular.luc)(load luc: /home/paus/.texliv
e2018/texmf-var/luatex-cache/generic/fonts/otl/lmroman6-regular.luc)(load luc: /
home/paus/.texlive2018/texmf-var/luatex-cache/generic/fonts/otl/lmmono8-regular.
luc)
<figs/apparatus1.png, id=67, 1595.9625pt x 543.53062pt>
File: figs/apparatus1.png Graphic file (type png)
<use figs/apparatus1.png>
Package luatex.def Info: figs/apparatus1.png  used on input line 63.
(luatex.def)             Requested size: 510.0pt x 173.68454pt.
(load luc: /home/paus/.texlive2018/texmf-var/luatex-cache/generic/fonts/otl/lmro
man10-italic.luc) [1{/usr/share/texlive/texmf-dist/fonts/map/pdftex/updmap/pdfte
x.map}](load luc: /home/paus/.texlive2018/texmf-var/luatex-cache/generic/fonts/o
tl/lmroman5-regular.luc)(load luc: /home/paus/.texlive2018/texmf-var/luatex-cach
e/generic/fonts/otl/lmroman10-bold.luc)
<figs/apparatus2.png, id=100, 1510.89468pt x 868.74562pt>
File: figs/apparatus2.png Graphic file (type png)
<use figs/apparatus2.png>
Package luatex.def Info: figs/apparatus2.png  used on input line 115.
(luatex.def)             Requested size: 246.0pt x 141.44124pt.
 [2<./figs/apparatus1.png><./figs/apparatus2.png>]
<figs/pulsetrain.png, id=121, 1525.95094pt x 1019.30812pt>
File: figs/pulsetrain.png Graphic file (type png)
<use figs/pulsetrain.png>
Package luatex.def Info: figs/pulsetrain.png  used on input line 146.
(luatex.def)             Requested size: 246.0pt x 164.32135pt.
 [3<./figs/pulsetrain.png>]

Package natbib Warning: Citation `cite:pulses' on page 4 undefined on input line
 184.


Package natbib Warning: Citation `cite:plandau' on page 4 undefined on input lin
e 192.

No file pulses.bbl.

Underfull \hbox (badness 6364) in paragraph at lines 236--242
 \TU/lmr/m/n/9 erteilung im Nor-mal-spec-trum,'' [][]Ver-hand-lun-gen der
 []

[4]
<figs/photomultipliertube.png, id=178, 1410.0178pt x 774.64406pt>
File: figs/photomultipliertube.png Graphic file (type png)
<use figs/photomultipliertube.png>
Package luatex.def Info: figs/photomultipliertube.png  used on input line 264.
(luatex.def)             Requested size: 246.0pt x 135.1392pt.
<figs/morescope.png, id=179, 1536.49031pt x 998.9822pt>
File: figs/morescope.png Graphic file (type png)
<use figs/morescope.png>
Package luatex.def Info: figs/morescope.png  used on input line 271.
(luatex.def)             Requested size: 246.0pt x 159.93187pt.


Package natbib Warning: There were undefined citations.

Package atveryend Info: Empty hook `BeforeClearDocument' on input line 283.
Package atveryend Info: Empty hook `AfterLastShipout' on input line 283.
[5<./figs/photomultipliertube.png><./figs/morescope.png>] (./pulses.aux)
Package atveryend Info: Executing hook `AtVeryEndDocument' on input line 283.
Package atveryend Info: Executing hook `AtEndAfterFileList' on input line 283.
Package rerunfilecheck Info: File `pulses.out' has not changed.
(rerunfilecheck)             Checksum: 7D74C2CD7C92287D1056332C3FF51B08;918.
)

Here is how much of LuaTeX's memory you used:
 7995 strings out of 494412
 100000,221844 words of node,token memory allocated
 524 words of node memory still in use:
   4 hlist, 2 vlist, 2 rule, 2 glue, 1 kern, 17 attribute, 53 glue_spec, 17 attr
ibute_list, 6 pdf_action nodes
   avail lists: 2:555,3:349,4:92,5:422,6:51,7:9823,8:58,9:340,10:18,11:760
 11798 multiletter control sequences out of 65536+600000
 72 fonts using 5090191 bytes
 36i,7n,29p,763b,436s stack positions out of 5000i,500n,10000p,200000b,100000s
</usr/share/texlive/texmf-dist/fonts/opentype/public/lm/lmroman10-bold.otf></usr
/share/texlive/texmf-dist/fonts/opentype/public/lm/lmroman10-italic.otf></usr/sh
are/texlive/texmf-dist/fonts/opentype/public/lm/lmmono8-regular.otf></usr/share/
texlive/texmf-dist/fonts/opentype/public/lm/lmroman8-regular.otf></usr/share/tex
live/texmf-dist/fonts/opentype/public/lm/lmroman9-bold.otf></usr/share/texlive/t
exmf-dist/fonts/opentype/public/lm/lmroman9-regular.otf></usr/share/texlive/texm
f-dist/fonts/opentype/public/lm/lmroman10-regular.otf></usr/share/texlive/texmf-
dist/fonts/opentype/public/lm/lmroman12-bold.otf></usr/share/texlive/texmf-dist/
fonts/type1/public/amsfonts/cm/cmmi10.pfb></usr/share/texlive/texmf-dist/fonts/t
ype1/public/amsfonts/cm/cmmi7.pfb></usr/share/texlive/texmf-dist/fonts/type1/pub
lic/amsfonts/cm/cmr10.pfb></usr/share/texlive/texmf-dist/fonts/type1/public/amsf
onts/cm/cmr7.pfb></usr/share/texlive/texmf-dist/fonts/type1/public/amsfonts/cm/c
msy10.pfb></usr/share/texlive/texmf-dist/fonts/type1/public/amsfonts/cm/cmsy6.pf
b></usr/share/texlive/texmf-dist/fonts/type1/public/amsfonts/cm/cmsy7.pfb>
Output written on pulses.pdf (5 pages, 10083548 bytes).

PDF statistics: 267 PDF objects out of 1000 (max. 8388607)
 220 compressed objects within 3 object streams
 76 named destinations out of 1000 (max. 131072)
 113 words of extra memory for PDF output out of 10000 (max. 100000000)

